<?xml version="1.0" encoding="UTF-8"?>
<!-- Generated by org.testng.reporters.JUnitReportReporter -->
<testsuite hostname="wangxindeMacBook-Pro.local" name="com.ylss.test.Test" tests="29" failures="0" timestamp="2 Feb 2016 02:06:40 GMT" time="0.047" errors="0">
  <testcase name="verifyNewUserPhoneNumberTest" time="0.001" classname="com.ylss.test.Test"/>
  <testcase name="login" time="0.012" classname="com.ylss.test.Test"/>
  <testcase name="verifyUserLogin" time="0.000" classname="com.ylss.test.Test"/>
  <testcase name="closeUserAdminAndLogoutTest" time="0.001" classname="com.ylss.test.Test"/>
  <testcase name="verifyNewUserUserNameTest" time="0.009" classname="com.ylss.test.Test"/>
  <testcase name="userCreationDataEntryTest" time="0.001" classname="com.ylss.test.Test"/>
  <testcase name="saveUserTest" time="0.003" classname="com.ylss.test.Test"/>
  <testcase name="verifyUserAdminCloseAndLogoutTest" time="0.001" classname="com.ylss.test.Test"/>
  <testcase name="loginNavigateToUserAdmin" time="0.000" classname="com.ylss.test.Test"/>
  <testcase name="verifyNewUserReportingPeriodTest" time="0.001" classname="com.ylss.test.Test"/>
  <testcase name="createUserTabTest" time="0.002" classname="com.ylss.test.Test"/>
  <testcase name="verifyNewUserShowAnnotationsCheckedTest" time="0.002" classname="com.ylss.test.Test"/>
  <testcase name="verifyNewUserReferencePeriodTest" time="0.000" classname="com.ylss.test.Test"/>
  <testcase name="userRolesTest" time="0.002" classname="com.ylss.test.Test"/>
  <testcase name="verifyUserSearchUserReturned" time="0.001" classname="com.ylss.test.Test"/>
  <testcase name="verifyNewUserFunctionalRoleTest" time="0.000" classname="com.ylss.test.Test"/>
  <testcase name="verifyNewUserRoleTest" time="0.001" classname="com.ylss.test.Test"/>
  <testcase name="verifyNewUserDateFormatTest" time="0.001" classname="com.ylss.test.Test"/>
  <testcase name="verifyNewUserDepartmentTest" time="0.000" classname="com.ylss.test.Test"/>
  <testcase name="verifyNewUserNumberFormatTest" time="0.001" classname="com.ylss.test.Test"/>
  <testcase name="verifyNewUserActiveCheckedTest" time="0.001" classname="com.ylss.test.Test"/>
  <testcase name="verifyNewUserReferencePeriodExampleTest" time="0.001" classname="com.ylss.test.Test"/>
  <testcase name="reOpenNewUserTest" time="0.001" classname="com.ylss.test.Test"/>
  <testcase name="verifyNewUserEmailTest" time="0.001" classname="com.ylss.test.Test"/>
  <testcase name="openUserAdministrationTest" time="0.001" classname="com.ylss.test.Test"/>
  <testcase name="verifyNewUserFullNameTest" time="0.001" classname="com.ylss.test.Test"/>
  <testcase name="verifyNewUserReportingPeriodExampleTest" time="0.001" classname="com.ylss.test.Test"/>
  <testcase name="verifyNewUserLanguageTest" time="0.000" classname="com.ylss.test.Test"/>
  <testcase name="usersTabTest" time="0.001" classname="com.ylss.test.Test"/>
</testsuite> <!-- com.ylss.test.Test -->
