<?xml version="1.0" encoding="UTF-8"?>
<!-- Generated by org.testng.reporters.JUnitReportReporter -->
<testsuite hostname="wangxindeMacBook-Pro.local" name="com.ylss.test.SimpleTest" tests="1" failures="0" timestamp="26 Feb 2016 06:03:41 GMT" time="5.223" errors="0">
  <testcase name="test" time="5.223" classname="com.ylss.test.SimpleTest"/>
</testsuite> <!-- com.ylss.test.SimpleTest -->
